#
# There is insufficient memory for the Java Runtime Environment to continue.
# Native memory allocation (mmap) failed to map 132120576 bytes for G1 virtual space
# Possible reasons:
#   The system is out of physical RAM or swap space
#   The process is running with CompressedOops enabled, and the Java Heap may be blocking the growth of the native heap
# Possible solutions:
#   Reduce memory load on the system
#   Increase physical memory or swap space
#   Check if swap backing store is full
#   Decrease Java heap size (-Xmx/-Xms)
#   Decrease number of Java threads
#   Decrease Java thread stack sizes (-Xss)
#   Set larger code cache with -XX:ReservedCodeCacheSize=
#   JVM is running with Unscaled Compressed Oops mode in which the Java heap is
#     placed in the first 4GB address space. The Java Heap base address is the
#     maximum limit for the native heap growth. Please use -XX:HeapBaseMinAddress
#     to set the Java Heap base and to place the Java Heap above 4GB virtual address.
# This output file may be truncated or incomplete.
#
#  Out of Memory Error (os_windows.cpp:3527), pid=26792, tid=6284
#
# JRE version:  (19.0.1+10) (build )
# Java VM: OpenJDK 64-Bit Server VM (19.0.1+10, mixed mode, sharing, tiered, compressed oops, compressed class ptrs, g1 gc, windows-amd64)
# No core dump will be written. Minidumps are not enabled by default on client versions of Windows
#

---------------  S U M M A R Y ------------

Command Line: -Dfile.encoding=UTF-8 -XX:+ShowCodeDetailsInExceptionMessages com.jspiders.deadlock.main.DeadlockMain

Host: Intel(R) Core(TM) i5-10210U CPU @ 1.60GHz, 8 cores, 7G,  Windows 11 , 64 bit Build 22621 (10.0.22621.1485)
Time: Sat Apr 15 12:00:42 2023 India Standard Time elapsed time: 0.016212 seconds (0d 0h 0m 0s)

---------------  T H R E A D  ---------------

Current thread (0x0000029515a8a0b0):  JavaThread "Unknown thread" [_thread_in_vm, id=6284, stack(0x000000b68be00000,0x000000b68bf00000)]

Stack: [0x000000b68be00000,0x000000b68bf00000]
Native frames: (J=compiled Java code, j=interpreted, Vv=VM code, C=native code)
V  [jvm.dll+0x6eb29a]
V  [jvm.dll+0x8a4e60]
V  [jvm.dll+0x8a684e]
V  [jvm.dll+0x8a6f03]
V  [jvm.dll+0x27c07f]
V  [jvm.dll+0x6e8099]
V  [jvm.dll+0x6dcb4a]
V  [jvm.dll+0x3524db]
V  [jvm.dll+0x359e96]
V  [jvm.dll+0x3b097e]
V  [jvm.dll+0x3b0baf]
V  [jvm.dll+0x327a8a]
V  [jvm.dll+0x32892e]
V  [jvm.dll+0x86f4f0]
V  [jvm.dll+0x3bdd91]
V  [jvm.dll+0x84fd91]
V  [jvm.dll+0x44654f]
V  [jvm.dll+0x448031]
C  [jli.dll+0x526b]
C  [ucrtbase.dll+0x29363]
C  [KERNEL32.DLL+0x1269d]
C  [ntdll.dll+0x5a9f8]


---------------  P R O C E S S  ---------------

Threads class SMR info:
_java_thread_list=0x00007ff84e4f65a8, length=0, elements={
}

Java Threads: ( => current thread )

Other Threads:
  0x0000029515aec2c0 WorkerThread "GC Thread#0" [stack: 0x000000b68bf00000,0x000000b68c000000] [id=26812]
  0x0000029515afd6c0 ConcurrentGCThread "G1 Main Marker" [stack: 0x000000b68c000000,0x000000b68c100000] [id=26944]
  0x0000029515afeea0 WorkerThread "G1 Conc#0" [stack: 0x000000b68c100000,0x000000b68c200000] [id=27096]

[error occurred during error reporting (printing all threads), id 0xc0000005, EXCEPTION_ACCESS_VIOLATION (0xc0000005) at pc=0x00007ff84dc684e7]

VM state: not at safepoint (not fully initialized)

VM Mutex/Monitor currently owned by a thread:  ([mutex/lock_event])
[0x0000029515a88460] Heap_lock - owner thread: 0x0000029515a8a0b0

Heap address: 0x0000000082800000, size: 2008 MB, Compressed Oops mode: 32-bit

CDS archive(s) mapped at: [0x0000000000000000-0x0000000000000000-0x0000000000000000), size 0, SharedBaseAddress: 0x0000000800000000, ArchiveRelocationMode: 0.
Narrow klass base: 0x0000000000000000, Narrow klass shift: 0, Narrow klass range: 0x0

GC Precious Log:
 CardTable entry size: 512
 Card Set container configuration: InlinePtr #cards 5 size 8 Array Of Cards #cards 12 size 40 Howl #buckets 4 coarsen threshold 1843 Howl Bitmap #cards 512 size 80 coarsen threshold 460 Card regions per heap region 1 cards per card region 2048

Heap:
 garbage-first heap   total 0K, used 0K [0x0000000082800000, 0x0000000100000000)
  region size 1024K, 0 young (0K), 0 survivors (0K)

[error occurred during error reporting (printing heap information), id 0xc0000005, EXCEPTION_ACCESS_VIOLATION (0xc0000005) at pc=0x00007ff84e073999]

GC Heap History (0 events):
No events

Dll operation events (1 events):
Event: 0.009 Loaded shared library C:\Users\ASHWINI\.p2\pool\plugins\org.eclipse.justj.openjdk.hotspot.jre.full.win32.x86_64_19.0.1.v20221102-1007\jre\bin\java.dll

Deoptimization events (0 events):
No events

Classes loaded (0 events):
No events

Classes unloaded (0 events):
No events

Classes redefined (0 events):
No events

Internal exceptions (0 events):
No events

VM Operations (0 events):
No events

Events (0 events):
No events


Dynamic libraries:
0x00007ff6ded90000 - 0x00007ff6ded9e000 	C:\Users\ASHWINI\.p2\pool\plugins\org.eclipse.justj.openjdk.hotspot.jre.full.win32.x86_64_19.0.1.v20221102-1007\jre\bin\javaw.exe
0x00007ff8dd690000 - 0x00007ff8dd8a4000 	C:\WINDOWS\SYSTEM32\ntdll.dll
0x00007ff8db620000 - 0x00007ff8db6e2000 	C:\WINDOWS\System32\KERNEL32.DLL
0x00007ff8dad60000 - 0x00007ff8db0fc000 	C:\WINDOWS\System32\KERNELBASE.dll
0x00007ff8daad0000 - 0x00007ff8dabe1000 	C:\WINDOWS\System32\ucrtbase.dll
0x00007ff8cb050000 - 0x00007ff8cb067000 	C:\Users\ASHWINI\.p2\pool\plugins\org.eclipse.justj.openjdk.hotspot.jre.full.win32.x86_64_19.0.1.v20221102-1007\jre\bin\jli.dll
0x00007ff8dc080000 - 0x00007ff8dc22b000 	C:\WINDOWS\System32\USER32.dll
0x00007ff8c9cd0000 - 0x00007ff8c9ce9000 	C:\Users\ASHWINI\.p2\pool\plugins\org.eclipse.justj.openjdk.hotspot.jre.full.win32.x86_64_19.0.1.v20221102-1007\jre\bin\VCRUNTIME140.dll
0x00007ff8c4910000 - 0x00007ff8c4b9e000 	C:\WINDOWS\WinSxS\amd64_microsoft.windows.common-controls_6595b64144ccf1df_6.0.22621.608_none_a9444ca7c10bb01d\COMCTL32.dll
0x00007ff8dad30000 - 0x00007ff8dad56000 	C:\WINDOWS\System32\win32u.dll
0x00007ff8dbfd0000 - 0x00007ff8dc077000 	C:\WINDOWS\System32\msvcrt.dll
0x00007ff8dd3f0000 - 0x00007ff8dd419000 	C:\WINDOWS\System32\GDI32.dll
0x00007ff8db310000 - 0x00007ff8db423000 	C:\WINDOWS\System32\gdi32full.dll
0x00007ff8db270000 - 0x00007ff8db30a000 	C:\WINDOWS\System32\msvcp_win.dll
0x00007ff8dbae0000 - 0x00007ff8dbb11000 	C:\WINDOWS\System32\IMM32.DLL
0x00007ff8d43b0000 - 0x00007ff8d43bc000 	C:\Users\ASHWINI\.p2\pool\plugins\org.eclipse.justj.openjdk.hotspot.jre.full.win32.x86_64_19.0.1.v20221102-1007\jre\bin\vcruntime140_1.dll
0x00007ff8c3450000 - 0x00007ff8c34e1000 	C:\Users\ASHWINI\.p2\pool\plugins\org.eclipse.justj.openjdk.hotspot.jre.full.win32.x86_64_19.0.1.v20221102-1007\jre\bin\msvcp140.dll
0x00007ff84d930000 - 0x00007ff84e637000 	C:\Users\ASHWINI\.p2\pool\plugins\org.eclipse.justj.openjdk.hotspot.jre.full.win32.x86_64_19.0.1.v20221102-1007\jre\bin\server\jvm.dll
0x00007ff8dcdb0000 - 0x00007ff8dce5e000 	C:\WINDOWS\System32\ADVAPI32.dll
0x00007ff8db770000 - 0x00007ff8db814000 	C:\WINDOWS\System32\sechost.dll
0x00007ff8dc440000 - 0x00007ff8dc557000 	C:\WINDOWS\System32\RPCRT4.dll
0x00007ff8d2fd0000 - 0x00007ff8d3004000 	C:\WINDOWS\SYSTEM32\WINMM.dll
0x00007ff8d78a0000 - 0x00007ff8d78a9000 	C:\WINDOWS\SYSTEM32\WSOCK32.dll
0x00007ff8d3060000 - 0x00007ff8d306a000 	C:\WINDOWS\SYSTEM32\VERSION.dll
0x00007ff8db6f0000 - 0x00007ff8db761000 	C:\WINDOWS\System32\WS2_32.dll
0x00007ff8d9c10000 - 0x00007ff8d9c28000 	C:\WINDOWS\SYSTEM32\kernel.appcore.dll
0x00007ff8d7890000 - 0x00007ff8d789a000 	C:\Users\ASHWINI\.p2\pool\plugins\org.eclipse.justj.openjdk.hotspot.jre.full.win32.x86_64_19.0.1.v20221102-1007\jre\bin\jimage.dll
0x00007ff8d84a0000 - 0x00007ff8d86ce000 	C:\WINDOWS\SYSTEM32\DBGHELP.DLL
0x00007ff8dcf50000 - 0x00007ff8dd2d9000 	C:\WINDOWS\System32\combase.dll
0x00007ff8dce70000 - 0x00007ff8dcf47000 	C:\WINDOWS\System32\OLEAUT32.dll
0x00007ff8d02b0000 - 0x00007ff8d02e2000 	C:\WINDOWS\SYSTEM32\dbgcore.DLL
0x00007ff8dabf0000 - 0x00007ff8dac6b000 	C:\WINDOWS\System32\bcryptPrimitives.dll
0x00007ff866f20000 - 0x00007ff866f46000 	C:\Users\ASHWINI\.p2\pool\plugins\org.eclipse.justj.openjdk.hotspot.jre.full.win32.x86_64_19.0.1.v20221102-1007\jre\bin\java.dll

dbghelp: loaded successfully - version: 4.0.5 - missing functions: none
symbol engine: initialized successfully - sym options: 0x614 - pdb path: .;C:\Users\ASHWINI\.p2\pool\plugins\org.eclipse.justj.openjdk.hotspot.jre.full.win32.x86_64_19.0.1.v20221102-1007\jre\bin;C:\WINDOWS\SYSTEM32;C:\WINDOWS\WinSxS\amd64_microsoft.windows.common-controls_6595b64144ccf1df_6.0.22621.608_none_a9444ca7c10bb01d;C:\Users\ASHWINI\.p2\pool\plugins\org.eclipse.justj.openjdk.hotspot.jre.full.win32.x86_64_19.0.1.v20221102-1007\jre\bin\server

VM Arguments:
jvm_args: -Dfile.encoding=UTF-8 -XX:+ShowCodeDetailsInExceptionMessages 
java_command: com.jspiders.deadlock.main.DeadlockMain
java_class_path (initial): F:\Programs\WEJM5\deadlock\bin
Launcher Type: SUN_STANDARD

[Global flags]
     intx CICompilerCount                          = 4                                         {product} {ergonomic}
     uint ConcGCThreads                            = 2                                         {product} {ergonomic}
     uint G1ConcRefinementThreads                  = 8                                         {product} {ergonomic}
   size_t G1HeapRegionSize                         = 1048576                                   {product} {ergonomic}
    uintx GCDrainStackTargetSize                   = 64                                        {product} {ergonomic}
   size_t InitialHeapSize                          = 132120576                                 {product} {ergonomic}
   size_t MarkStackSize                            = 4194304                                   {product} {ergonomic}
   size_t MaxHeapSize                              = 2105540608                                {product} {ergonomic}
   size_t MinHeapDeltaBytes                        = 1048576                                   {product} {ergonomic}
   size_t MinHeapSize                              = 8388608                                   {product} {ergonomic}
    uintx NonNMethodCodeHeapSize                   = 5839372                                {pd product} {ergonomic}
    uintx NonProfiledCodeHeapSize                  = 122909434                              {pd product} {ergonomic}
    uintx ProfiledCodeHeapSize                     = 122909434                              {pd product} {ergonomic}
    uintx ReservedCodeCacheSize                    = 251658240                              {pd product} {ergonomic}
     bool SegmentedCodeCache                       = true                                      {product} {ergonomic}
     bool ShowCodeDetailsInExceptionMessages       = true                                   {manageable} {command line}
   size_t SoftMaxHeapSize                          = 2105540608                             {manageable} {ergonomic}
     bool UseCompressedClassPointers               = true                           {product lp64_product} {ergonomic}
     bool UseCompressedOops                        = true                           {product lp64_product} {ergonomic}
     bool UseG1GC                                  = true                                      {product} {ergonomic}
     bool UseLargePagesIndividualAllocation        = false                                  {pd product} {ergonomic}

Logging:
Log output configuration:
 #0: stdout all=warning uptime,level,tags foldmultilines=false
 #1: stderr all=off uptime,level,tags foldmultilines=false

Environment Variables:
JAVA_HOME=C:\Program Files\Java\jdk1.8.0_181\bin
PATH=C:/Users/ASHWINI/.p2/pool/plugins/org.eclipse.justj.openjdk.hotspot.jre.full.win32.x86_64_19.0.1.v20221102-1007/jre/bin/server;C:/Users/ASHWINI/.p2/pool/plugins/org.eclipse.justj.openjdk.hotspot.jre.full.win32.x86_64_19.0.1.v20221102-1007/jre/bin;C:\Program Files (x86)\Common Files\Oracle\Java\javapath;E:\oracle\product\10.2.0\db_1\bin;C:\ProgramData\Oracle\Java\javapath;C:\Users\ASHWINI;C:\MinGW\bin;C:\WINDOWS\system32;C:\WINDOWS;C:\WINDOWS\System32\Wbem;C:\WINDOWS\System32\WindowsPowerShell\v1.0\;C:\WINDOWS\System32\OpenSSH\;C:\Program Files\NVIDIA Corporation\NVIDIA NvDLISR;C:\Program Files\Java\jdk-18.0.2.1\bin;C:\Program Files\Java\jdk1.8.0_181\bin;C:\jdk1.3\bin;C:\Program Files\Java\jdk1.8.0_281\bin;C:\Users\ASHWINI\AppData\Local\Programs\Microsoft VS Code\bin;C:\Users\ASHWINI\AppData\Local\Microsoft\WindowsApps;C:\Users\ASHWINI\AppData\Local\Programs\Fiddler;C:\Program Files\Java\jdk1.8.0_181\bin;;C:\Users\ASHWINI\Desktop;
USERNAME=ASHWINI
OS=Windows_NT
PROCESSOR_IDENTIFIER=Intel64 Family 6 Model 142 Stepping 12, GenuineIntel
TMP=C:\Users\ASHWINI\AppData\Local\Temp
TEMP=C:\Users\ASHWINI\AppData\Local\Temp



---------------  S Y S T E M  ---------------

OS:
 Windows 11 , 64 bit Build 22621 (10.0.22621.1485)
OS uptime: 0 days 13:52 hours

CPU: total 8 (initial active 8) (4 cores per cpu, 2 threads per core) family 6 model 142 stepping 12 microcode 0xde, cx8, cmov, fxsr, ht, mmx, 3dnowpref, sse, sse2, sse3, ssse3, sse4.1, sse4.2, popcnt, lzcnt, tsc, tscinvbit, avx, avx2, aes, erms, clmul, bmi1, bmi2, adx, fma, vzeroupper, clflush, clflushopt, rdtscp

Memory: 4k page, system-wide physical 8025M (656M free)
TotalPageFile size 32585M (AvailPageFile size 8M)
current process WorkingSet (physical memory assigned to process): 11M, peak: 11M
current process commit charge ("private bytes"): 60M, peak: 186M

vm_info: OpenJDK 64-Bit Server VM (19.0.1+10) for windows-amd64 JRE (19.0.1+10), built on 2022-10-18T00:00:00Z by "temurin" with MS VC++ 16.10 / 16.11 (VS2019)

END.
